<?xml version="1.0" encoding="UTF-8"?>
<!-- Generated by org.testng.reporters.JUnitReportReporter -->
<testsuite hostname="Mythili" failures="0" tests="1" name="Project.TcsTest" time="74.674" errors="0" timestamp="2023-12-20T15:19:52 IST" skipped="0">
  <testcase classname="Project.TcsTest" name="amazon" time="74.674"/>
  <system-out/>
</testsuite> <!-- Project.TcsTest -->
