<?xml version="1.0" encoding="UTF-8"?>
<!-- Generated by org.testng.reporters.JUnitReportReporter -->
<testsuite hostname="Mythili" failures="0" tests="1" name="Project.SampleTest" time="0.003" errors="0" timestamp="2023-12-20T15:19:52 IST" skipped="0">
  <testcase classname="Project.SampleTest" name="test" time="0.003"/>
  <system-out>
    <![CDATA[My first maven]]>
  </system-out>
</testsuite> <!-- Project.SampleTest -->
