<?xml version="1.0" encoding="UTF-8"?>
<!-- Generated by org.testng.reporters.JUnitReportReporter -->
<testsuite hostname="Mythili" failures="0" tests="1" name="ExtentReport.ScreenShot_ExtentReport" time="21.111" errors="0" timestamp="2023-12-23T14:47:00 IST" skipped="0">
  <testcase classname="ExtentReport.ScreenShot_ExtentReport" name="report" time="21.111"/>
  <system-out/>
</testsuite> <!-- ExtentReport.ScreenShot_ExtentReport -->
