<?xml version="1.0" encoding="UTF-8"?>
<!-- Generated by org.testng.reporters.JUnitReportReporter -->
<testsuite hostname="Mythili" failures="0" tests="1" name="Project.AmazonTest" time="37.288" errors="0" timestamp="2023-12-20T15:19:51 IST" skipped="0">
  <testcase classname="Project.AmazonTest" name="amazon" time="37.288"/>
  <system-out/>
</testsuite> <!-- Project.AmazonTest -->
